Configuration file: /home/cndaqiang/Documents/Repositories/GitHub/cndaqiang.github.io/_config.yml
[33m       Deprecation: The 'gems' configuration option has been renamed to 'plugins'. Please update your config file accordingly.[0m
            Source: /home/cndaqiang/Documents/Repositories/GitHub/cndaqiang.github.io
       Destination: /home/cndaqiang/Documents/Repositories/GitHub/cndaqiang.github.io/_site
 Incremental build: disabled. Enable with --incremental
      Generating... 
                    done in 7.374 seconds.
 Auto-regeneration: enabled for '/home/cndaqiang/Documents/Repositories/GitHub/cndaqiang.github.io'
    Server address: http://127.0.0.1:4000/
  Server running... press ctrl-c to stop.
[2018-02-04 23:56:10] ERROR `/uploads/2018/01/intel_mpi.png' not found.
[2018-02-04 23:58:01] ERROR `/uploads/2018/01/intel_mpi.png' not found.
[2018-02-05 20:21:54] ERROR `/uploads/2018/01/intel_mpi.png' not found.
[2018-02-05 22:07:42] ERROR `/uploads/2018/01/intel_mpi.png' not found.
      Regenerating: 1 file(s) changed at 2018-02-05 23:21:03
                    _posts/2018-01-23-vasp-step1.md
                    ...done in 8.875280483 seconds.

      Regenerating: 1 file(s) changed at 2018-02-05 23:21:12
                    _posts/2018-01-23-vasp-step1.md
                    ...done in 5.031314474 seconds.

      Regenerating: 1 file(s) changed at 2018-02-06 09:56:24
                    _posts/2018-01-23-vasp-step1.md
                    ...done in 5.523581949 seconds.

[2018-02-06 09:56:30] ERROR `/favicon.ipg' not found.
      Regenerating: 1 file(s) changed at 2018-02-06 09:57:00
                    _posts/2018-01-23-vasp-step1.md
                    ...done in 2.571304917 seconds.

      Regenerating: 1 file(s) changed at 2018-02-06 09:57:03
                    _posts/2018-01-23-vasp-step1.md
                    ...done in 2.99639197 seconds.

      Regenerating: 1 file(s) changed at 2018-02-06 10:20:47
                    _posts/2018-01-23-vasp-step1.md
                    ...done in 6.023647585 seconds.

      Regenerating: 1 file(s) changed at 2018-02-06 10:20:53
                    _posts/2018-01-23-vasp-step1.md
                    ...done in 6.131585658 seconds.

      Regenerating: 1 file(s) changed at 2018-02-06 10:21:48
                    _posts/2018-01-23-vasp-step1.md
                    ...done in 5.855496987 seconds.

      Regenerating: 1 file(s) changed at 2018-02-06 10:21:54
                    _posts/2018-01-23-vasp-step1.md
                    ...done in 5.805356918 seconds.

      Regenerating: 1 file(s) changed at 2018-02-06 10:33:26
                    _posts/2018-01-23-vasp-step1.md
                    ...done in 6.238819463 seconds.

      Regenerating: 1 file(s) changed at 2018-02-06 10:33:32
                    _posts/2018-01-23-vasp-step1.md
                    ...done in 5.907686197 seconds.

      Regenerating: 1 file(s) changed at 2018-02-06 10:52:38
                    _posts/2018-01-23-vasp-step1.md
                    ...done in 5.866588332 seconds.

      Regenerating: 1 file(s) changed at 2018-02-06 10:53:52
                    _posts/2018-01-21-vasp-input.md
                    ...done in 6.229274954 seconds.

      Regenerating: 1 file(s) changed at 2018-02-06 10:56:29
                    _posts/2018-01-23-vasp-step1.md
                    ...done in 5.919193378 seconds.

      Regenerating: 1 file(s) changed at 2018-02-06 10:56:35
                    _posts/2018-01-23-vasp-step1.md
                    ...done in 6.219151472 seconds.

